<?xml version="1.0" encoding="UTF-8"?>
<!-- Generated by org.testng.reporters.JUnitReportReporter -->
<testsuite hostname="DESKTOP-M3S1386" failures="0" tests="1" name="projectFolder.TC02_verifyLogOutFunctionality" time="10.525" errors="0" timestamp="2023-03-08T15:54:17 IST" skipped="0">
  <testcase classname="projectFolder.TC02_verifyLogOutFunctionality" name="verifyLogOutFunctionality" time="10.525"/>
  <system-out/>
</testsuite> <!-- projectFolder.TC02_verifyLogOutFunctionality -->
