<?xml version="1.0" encoding="UTF-8"?>
<!-- Generated by org.testng.reporters.JUnitReportReporter -->
<testsuite hostname="DESKTOP-M3S1386" failures="0" tests="3" name="projectFolder.TestClass" time="0.000" errors="0" timestamp="2023-03-08T15:10:32 IST" skipped="3">
  <testcase classname="projectFolder.TestClass" name="verifylogout02" time="0.000">
    <skipped/>
  </testcase> <!-- verifylogout02 -->
  <system-out/>
  <testcase classname="projectFolder.TestClass" name="verifyAddBagProduct" time="0.000">
    <skipped/>
  </testcase> <!-- verifyAddBagProduct -->
  <system-out/>
  <testcase classname="projectFolder.TestClass" name="verifylogin01" time="0.000">
    <skipped/>
  </testcase> <!-- verifylogin01 -->
  <system-out/>
</testsuite> <!-- projectFolder.TestClass -->
