<?xml version="1.0" encoding="UTF-8"?>
<!-- Generated by org.testng.reporters.JUnitReportReporter -->
<testsuite hostname="DESKTOP-M3S1386" failures="0" tests="1" name="testNGdemo.TestNgchq" time="0.000" errors="0" timestamp="2023-03-08T15:10:32 IST" skipped="1">
  <testcase classname="testNGdemo.TestNgchq" name="method1" time="0.000">
    <skipped/>
  </testcase> <!-- method1 -->
  <system-out/>
</testsuite> <!-- testNGdemo.TestNgchq -->
